<?xml version="1.0" encoding="UTF-8"?>

<beans xmlns="http://www.springframework.org/schema/beans"
	xmlns:xsi="http://www.w3.org/2001/XMLSchema-instance" xmlns:jdbc="http://www.springframework.org/schema/jdbc"
	xsi:schemaLocation="http://www.springframework.org/schema/beans http://www.springframework.org/schema/beans/spring-beans.xsd
    http://www.springframework.org/schema/jdbc http://www.springframework.org/schema/jdbc/spring-jdbc.xsd">

	<bean id="entityManagerFactory"
		class="org.springframework.orm.jpa.LocalContainerEntityManagerFactoryBean">
		<property name="dataSource" ref="dataSource" />
		<property name="packagesToScan" value="com.matafe.iniciativaverde.domain" />
		<property name="jpaDialect">
			<bean class="org.springframework.orm.jpa.vendor.HibernateJpaDialect" />
		</property>
		<property name="jpaVendorAdapter">
			<bean class="org.springframework.orm.jpa.vendor.HibernateJpaVendorAdapter" />
		</property>
		<property name="jpaProperties">
			<props>
				<prop key="hibernate.hbm2ddl.auto">create-drop</prop>
				<prop key="hibernate.show_sql">true</prop>
				<prop key="hibernate.format_sql">true</prop>
			</props>
		</property>
	</bean>

	<bean id="transactionManager" class="org.springframework.orm.jpa.JpaTransactionManager">
		<property name="entityManagerFactory" ref="entityManagerFactory" />
	</bean>

	<bean class="org.apache.commons.dbcp.BasicDataSource"
		destroy-method="close" id="dataSource">
		<property name="driverClassName" value="org.h2.Driver" />
		<property name="url"
			value="jdbc:h2:mem:iniciativaverdeDB;DB_CLOSE_ON_EXIT=FALSE;DB_CLOSE_DELAY=-1;MVCC=TRUE;LOCK_TIMEOUT=1000" />
		<property name="username" value="sa" />
		<property name="password" value="" />
	</bean>

	<jdbc:initialize-database data-source="dataSource">
		<jdbc:script location="classpath:import-iv-test.sql" />
	</jdbc:initialize-database>

	<bean id="org.h2.tools.Server" class="org.h2.tools.Server"
		factory-method="createTcpServer" init-method="start" destroy-method="stop">
		<constructor-arg value="-tcp,-tcpAllowOthers,-tcpPort,8043" />
	</bean>

	<bean id="org.h2.tools.Server-WebServer" class="org.h2.tools.Server"
		factory-method="createWebServer" init-method="start">
		<constructor-arg value="-web,-webAllowOthers,-webPort,8081" />
	</bean>

</beans>